2024-10-15 10:52:02,673 [Worker-4: Loading available Gradle versions] INFO  o.e.b.c.i.u.g.PublishedGradleVersions - Gradle version information cache is not available. Remote download required.
2024-10-15 10:53:09,782 [Worker-3: Building] INFO  o.e.m.c.i.l.LifecycleMappingFactory - Using org.eclipse.m2e.jdt.JarLifecycleMapping lifecycle mapping for MavenProject: com.sanjot:jobportal:0.0.1-SNAPSHOT @ C:\Users\sanjot\Desktop\Project Job Search\jobGit\pom.xml.
2024-10-15 10:53:20,492 [Worker-3: Building] INFO  o.a.m.s.f.DefaultMavenResourcesFiltering - Copying 1 resource from src\main\resources to target\classes
2024-10-15 10:53:20,538 [Worker-3: Building] INFO  o.a.m.s.f.DefaultMavenResourcesFiltering - Copying 53 resources from src\main\resources to target\classes
2024-10-15 10:53:21,665 [Worker-3: Building] INFO  o.a.m.s.f.DefaultMavenResourcesFiltering - skip non existing resourceDirectory C:\Users\sanjot\Desktop\Project Job Search\jobGit\src\test\resources
2024-10-15 10:53:25,328 [Worker-10: Building] INFO  o.a.m.s.f.DefaultMavenResourcesFiltering - Copying 1 resource from src\main\resources to target\classes
2024-10-15 10:53:25,337 [Worker-10: Building] INFO  o.a.m.s.f.DefaultMavenResourcesFiltering - Copying 53 resources from src\main\resources to target\classes
2024-10-15 10:53:25,978 [Worker-10: Building] INFO  o.a.m.s.f.DefaultMavenResourcesFiltering - skip non existing resourceDirectory C:\Users\sanjot\Desktop\Project Job Search\jobGit\src\test\resources
2024-10-15 10:54:21,735 [Worker-1: Updating Maven Dependencies] INFO  o.e.m.c.i.l.LifecycleMappingFactory - Using org.eclipse.m2e.jdt.JarLifecycleMapping lifecycle mapping for MavenProject: com.sanjot:jobportal:0.0.1-SNAPSHOT @ C:\Users\sanjot\Desktop\Project Job Search\jobGit\pom.xml.
2024-10-15 10:54:27,217 [Worker-1: Updating Maven Dependencies] ERROR o.e.m.c.i.p.ProjectConfigurationManager - Project 'jobportal' is not open.
org.eclipse.core.internal.resources.ResourceException: Project 'jobportal' is not open.
	at org.eclipse.core.internal.resources.Project.checkAccessible(Project.java:186)
	at org.eclipse.core.internal.resources.Resource.deleteMarkers(Resource.java:842)
	at org.eclipse.m2e.core.internal.markers.MavenMarkerManager.deleteMarkers(MavenMarkerManager.java:248)
	at org.eclipse.m2e.core.internal.markers.MavenMarkerManager.deleteMarkers(MavenMarkerManager.java:242)
	at org.eclipse.m2e.core.internal.project.ProjectConfigurationManager.mavenProjectChanged(ProjectConfigurationManager.java:892)
	at org.eclipse.m2e.core.internal.project.registry.ProjectRegistryManager.notifyProjectChangeListeners(ProjectRegistryManager.java:892)
	at org.eclipse.m2e.core.internal.project.registry.ProjectRegistryManager.applyMutableProjectRegistry(ProjectRegistryManager.java:1042)
	at org.eclipse.m2e.core.internal.project.registry.ProjectRegistryRefreshJob.lambda$0(ProjectRegistryRefreshJob.java:162)
	at org.eclipse.m2e.core.internal.embedder.MavenExecutionContext.executeBare(MavenExecutionContext.java:458)
	at org.eclipse.m2e.core.internal.embedder.MavenExecutionContext.execute(MavenExecutionContext.java:339)
	at org.eclipse.m2e.core.internal.embedder.MavenExecutionContext.execute(MavenExecutionContext.java:278)
	at org.eclipse.m2e.core.internal.project.registry.ProjectRegistryRefreshJob.run(ProjectRegistryRefreshJob.java:106)
	at org.eclipse.core.internal.jobs.Worker.run(Worker.java:63)
Caused by: java.lang.Exception: Project 'jobportal' is not open.
	at org.eclipse.core.internal.resources.ResourceException.provideStackTrace(ResourceException.java:42)
	at org.eclipse.core.internal.resources.ResourceException.<init>(ResourceException.java:38)
	... 13 common frames omitted
2024-10-15 10:55:44,012 [Worker-1: Loading available Gradle versions] INFO  o.e.b.c.i.u.g.PublishedGradleVersions - Gradle version information cache is up-to-date. Trying to read.
2024-10-15 10:56:24,203 [Worker-1: Updating Maven Dependencies] INFO  o.e.m.c.i.l.LifecycleMappingFactory - Using org.eclipse.m2e.jdt.JarLifecycleMapping lifecycle mapping for MavenProject: com.sanjot:jobportal:0.0.1-SNAPSHOT @ C:\Users\sanjot\Desktop\Project Job Search\jobGit\pom.xml.
2024-10-15 10:56:24,214 [Worker-8: Building] INFO  o.e.m.c.i.l.LifecycleMappingFactory - Using org.eclipse.m2e.jdt.JarLifecycleMapping lifecycle mapping for MavenProject: com.sanjot:jobportal:0.0.1-SNAPSHOT @ C:\Users\sanjot\Desktop\Project Job Search\jobGit\pom.xml.
2024-10-15 10:56:33,700 [Worker-7: Updating Maven Dependencies] INFO  o.e.m.c.i.l.LifecycleMappingFactory - Using org.eclipse.m2e.jdt.JarLifecycleMapping lifecycle mapping for MavenProject: com.sanjot:jobportal:0.0.1-SNAPSHOT @ C:\Users\sanjot\Desktop\Project Job Search\jobGit\pom.xml.
2024-10-15 10:58:12,374 [Worker-1: Loading available Gradle versions] INFO  o.e.b.c.i.u.g.PublishedGradleVersions - Gradle version information cache is up-to-date. Trying to read.
